INFO:baseservice:STARTING
INFO:baseservice:STARTING
INFO:baseservice:STARTING
INFO:baseservice:STARTING
INFO:baseservice:STARTING
INFO:baseservice:STARTING
INFO:baseservice:STARTING
INFO:baseservice:STARTING
INFO:baseservice:STARTING
INFO:baseservice:STARTING
INFO:baseservice:STARTING
INFO:baseservice:STARTING
INFO:baseservice:STARTING
INFO:baseservice:STARTING
INFO:baseservice:STARTING
INFO:baseservice:STARTING
INFO:baseservice:STARTING
INFO:baseservice:STARTING
INFO:baseservice:STARTING
INFO:baseservice:STARTING
INFO:baseservice:STARTING
INFO:baseservice:STARTING
INFO:baseservice:STARTING
INFO:baseservice:STARTING
INFO:baseservice:STARTING
INFO:baseservice:STARTING
INFO:baseservice:STARTING
INFO:baseservice:STARTING
INFO:baseservice:STARTING
INFO:baseservice:STARTING
INFO:baseservice:STARTING
INFO:baseservice:STARTING
INFO:baseservice:STARTING
INFO:baseservice:STARTING
INFO:baseservice:STARTING
INFO:baseservice:STARTING
INFO:baseservice:STARTING
INFO:baseservice:STARTING
INFO:baseservice:STARTING
INFO:baseservice:STARTING
INFO:baseservice:STARTING
INFO:baseservice:STARTING
INFO:baseservice:STARTING
INFO:baseservice:STARTING
INFO:baseservice:STARTING
INFO:baseservice:STARTING
INFO:baseservice:STARTING
INFO:baseservice:STARTING
INFO:baseservice:STARTING
INFO:baseservice:STARTING
INFO:baseservice:STARTING
INFO:baseservice:STARTING
INFO:baseservice:STARTING
INFO:baseservice:STARTING
INFO:services.iptocountry.baseservice:STARTING
INFO:servicehandler:Starting Service Loader
INFO:servicehandler:.DS_Store
INFO:servicehandler:__init__.py
INFO:servicehandler:__init__.pyc
INFO:servicehandler:YES, EXISTS
INFO:servicehandler:IMPORTED
INFO:servicehandler:iptocountry
INFO:servicehandler:Starting Web Server
INFO:servicehandler:Sleeping main thread
INFO:baseservice:STARTING
INFO:services.iptocountry.baseservice:STARTING
INFO:services.iptocountry.baseservice:STARTING
INFO:services.iptocountry.baseservice:STARTING
INFO:services.iptocountry.baseservice:STARTING
INFO:services.iptocountry.baseservice:STARTING
INFO:services.iptocountry.baseservice:STARTING
INFO:services.iptocountry.baseservice:STARTING
INFO:services.iptocountry.baseservice:STARTING
INFO:services.iptocountry.baseservice:STARTING
