INFO:baseservice:STARTING
INFO:baseservice:STARTING
INFO:baseservice:STARTING
INFO:baseservice:STARTING
INFO:baseservice:STARTING
INFO:baseservice:STARTING
INFO:baseservice:STARTING
INFO:baseservice:STARTING
INFO:baseservice:STARTING
INFO:baseservice:STARTING
INFO:baseservice:STARTING
INFO:baseservice:STARTING
INFO:baseservice:STARTING
INFO:baseservice:STARTING
INFO:baseservice:STARTING
INFO:baseservice:STARTING
INFO:baseservice:STARTING
INFO:baseservice:STARTING
INFO:baseservice:STARTING
INFO:baseservice:STARTING
INFO:baseservice:Starting service
INFO:baseservice:Starting service 
INFO:baseservice:Starting service 
INFO:baseservice:Starting service 
INFO:baseservice:Starting service
INFO:baseservice:Starting service
INFO:baseservice:Starting service
INFO:baseservice:Starting service
INFO:baseservice:Starting service
INFO:baseservice:2014_04_14 16_39_53 Iptocountry: (info) Starting service
INFO:baseservice:2014_04_14 16_40_37 Iptocountry: (info) Starting service
INFO:baseservice:2014_04_14 16_40_37 Iptocountry: (info) Running Setup
INFO:baseservice:2014_04_14 16_41_05 Iptocountry: (info) Starting service
INFO:baseservice:2014_04_14 16_41_05 Iptocountry: (info) Running Setup
INFO:baseservice:2014_04_14 16_41_46 Iptocountry: (info) Starting service
INFO:baseservice:2014_04_14 16_41_46 Iptocountry: (info) Running Setup
INFO:baseservice:2014_04_14 16_41_46 Iptocountry: (info) Starting service
INFO:baseservice:2014_04_14 16_41_46 Iptocountry: (info) Running Setup
INFO:baseservice:2014_04_14 16_41_54 Iptocountry: (info) Starting service
INFO:baseservice:2014_04_14 16_41_54 Iptocountry: (info) Running Setup
INFO:baseservice:2014_04_14 16_41_55 Iptocountry: (info) Starting service
INFO:baseservice:2014_04_14 16_41_55 Iptocountry: (info) Running Setup
INFO:baseservice:2014_04_14 16_41_56 Iptocountry: (info) Starting service
INFO:baseservice:2014_04_14 16_41_56 Iptocountry: (info) Running Setup
INFO:baseservice:2014_04_14 16_42_55 Iptocountry: (info) Starting service
INFO:baseservice:2014_04_14 16_42_55 Iptocountry: (info) Running Setup
INFO:baseservice:2014_04_14 16_42_57 Iptocountry: (info) Starting service
INFO:baseservice:2014_04_14 16_42_57 Iptocountry: (info) Running Setup
INFO:baseservice:2014_04_14 16_43_19 Iptocountry: (info) Starting service
INFO:baseservice:2014_04_14 16_43_19 Iptocountry: (info) Running Setup
INFO:baseservice:2014_04_14 16_43_19 Iptocountry: (info) Run Loop
INFO:baseservice:2014_04_14 16_43_30 Iptocountry: (info) Starting service
INFO:baseservice:2014_04_14 16_43_30 Iptocountry: (info) Running Setup
INFO:baseservice:2014_04_14 16_43_30 Iptocountry: (info) Run Loop
INFO:baseservice:2014_04_14 16_44_30 Iptocountry: (info) Run Loop
INFO:baseservice:2014_04_14 16_45_30 Iptocountry: (info) Run Loop
INFO:baseservice:2014_04_14 16_46_30 Iptocountry: (info) Run Loop
INFO:baseservice:2014_04_14 16_47_30 Iptocountry: (info) Run Loop
INFO:baseservice:2014_04_14 16_48_01 Iptocountry: (info) Starting service
INFO:baseservice:2014_04_14 16_48_01 Iptocountry: (info) Running Setup
INFO:baseservice:2014_04_14 16_48_01 Iptocountry: (info) Run Loop
INFO:baseservice:2014_04_14 16_50_30 Iptocountry: (info) Starting service
INFO:baseservice:2014_04_14 16_50_30 Iptocountry: (info) Running Setup
INFO:baseservice:2014_04_14 16_50_30 Iptocountry: (info) Run Loop
INFO:baseservice:2014_04_14 16_50_43 Iptocountry: (info) Starting service
INFO:baseservice:2014_04_14 16_50_43 Iptocountry: (info) Running Setup
INFO:baseservice:2014_04_14 16_50_43 Iptocountry: (info) Run Loop
INFO:baseservice:2014_04_14 16_50_46 Iptocountry: (info) Starting service
INFO:baseservice:2014_04_14 16_50_46 Iptocountry: (info) Running Setup
INFO:baseservice:2014_04_14 16_50_46 Iptocountry: (info) Run Loop
INFO:baseservice:2014_04_14 16_51_31 Iptocountry: (info) Starting service
INFO:baseservice:2014_04_14 16_51_31 Iptocountry: (info) Running Setup
INFO:baseservice:2014_04_14 16_51_31 Iptocountry: (info) Run Loop
INFO:baseservice:2014_04_14 16_51_40 Iptocountry: (info) Starting service
INFO:baseservice:2014_04_14 16_51_40 Iptocountry: (info) Running Setup
INFO:baseservice:2014_04_14 16_51_40 Iptocountry: (info) Run Loop
INFO:baseservice:2014_04_14 16_51_53 Iptocountry: (info) Starting service
INFO:baseservice:2014_04_14 16_51_53 Iptocountry: (info) Loading Mongo
INFO:baseservice:2014_04_14 16_52_07 Iptocountry: (info) Starting service
INFO:baseservice:2014_04_14 16_52_07 Iptocountry: (info) Loading Mongo
INFO:baseservice:2014_04_14 16_52_15 Iptocountry: (info) Starting service
INFO:baseservice:2014_04_14 16_52_15 Iptocountry: (info) Loading Mongo
INFO:baseservice:2014_04_14 16_52_28 Iptocountry: (info) Starting service
INFO:baseservice:2014_04_14 16_52_28 Iptocountry: (info) Loading Mongo
INFO:baseservice:2014_04_14 16_52_39 Iptocountry: (info) Starting service
INFO:baseservice:2014_04_14 16_52_39 Iptocountry: (info) Loading Mongo
INFO:baseservice:2014_04_14 16_52_58 Iptocountry: (info) Starting service
INFO:baseservice:2014_04_14 16_52_58 Iptocountry: (info) Loading Mongo
INFO:baseservice:2014_04_14 16_52_58 Iptocountry: (info) Running Setup
INFO:baseservice:2014_04_14 16_52_58 Iptocountry: (info) Run Loop
INFO:baseservice:2014_04_14 16_53_09 Iptocountry: (info) Starting service
INFO:baseservice:2014_04_14 16_53_09 Iptocountry: (info) Loading Mongo
INFO:baseservice:2014_04_14 16_53_09 Iptocountry: (info) Running Setup
INFO:baseservice:2014_04_14 16_53_09 Iptocountry: (info) Run Loop
INFO:baseservice:2014_04_14 16_53_18 Iptocountry: (info) Starting service
INFO:baseservice:2014_04_14 16_53_18 Iptocountry: (info) Loading Mongo
INFO:baseservice:2014_04_14 16_53_18 Iptocountry: (info) Running Setup
INFO:baseservice:2014_04_14 16_53_18 Iptocountry: (info) Run Loop
INFO:baseservice:2014_04_14 16_54_11 Iptocountry: (info) Starting service
INFO:baseservice:2014_04_14 16_54_11 Iptocountry: (info) Loading Mongo
INFO:baseservice:2014_04_14 16_54_11 Iptocountry: (info) Running Setup
INFO:baseservice:2014_04_14 16_54_11 Iptocountry: (info) Run Loop
INFO:baseservice:2014_04_14 16_54_45 Iptocountry: (info) Starting service
INFO:baseservice:2014_04_14 16_54_45 Iptocountry: (info) Loading Mongo
INFO:baseservice:2014_04_14 16_54_45 Iptocountry: (info) Running Setup
INFO:baseservice:2014_04_14 16_54_45 Iptocountry: (info) Run Loop
INFO:baseservice:2014_04_14 16_54_45 Iptocountry: (info) checked collection (ip): 0 FOR system.indexes
INFO:baseservice:2014_04_14 16_54_45 Iptocountry: (info) checked collection (ip): 0 FOR online_access_logs
INFO:baseservice:2014_04_14 16_54_45 Iptocountry: (info) checked collection (ip): 0 FOR clickstream
INFO:baseservice:2014_04_14 16_54_46 Iptocountry: (info) checked collection (ip): 0 FOR courseware_analytics
INFO:baseservice:2014_04_14 16_54_56 Iptocountry: (info) Starting service
INFO:baseservice:2014_04_14 16_54_56 Iptocountry: (info) Loading Mongo
INFO:baseservice:2014_04_14 16_54_56 Iptocountry: (info) Running Setup
INFO:baseservice:2014_04_14 16_54_56 Iptocountry: (info) Run Loop
INFO:baseservice:2014_04_14 16_54_56 Iptocountry: (info) checked collection (ip): 0 FOR system.indexes
INFO:baseservice:2014_04_14 16_54_56 Iptocountry: (info) checked collection (ip): 0 FOR online_access_logs
INFO:baseservice:2014_04_14 16_54_56 Iptocountry: (info) checked collection (ip): 0 FOR clickstream
INFO:baseservice:2014_04_14 16_54_57 Iptocountry: (info) checked collection (ip): 0 FOR courseware_analytics
INFO:baseservice:2014_04_14 17_13_56 iptocountry: (info) Starting service
INFO:baseservice:2014_04_14 17_13_56 iptocountry: (info) Loading Mongo
INFO:baseservice:2014_04_14 17_13_56 iptocountry: (info) Running Setup
INFO:baseservice:2014_04_14 17_13_56 iptocountry: (info) Run Loop
INFO:baseservice:2014_04_14 17_13_57 iptocountry: (info) checked collection (ip): 0 FOR system.indexes
INFO:baseservice:2014_04_14 17_13_57 iptocountry: (info) checked collection (ip): 0 FOR online_access_logs
INFO:baseservice:2014_04_14 17_13_57 iptocountry: (info) checked collection (ip): 0 FOR clickstream
